<?xml version="1.0" encoding="UTF-8"?>
<testsuite xmlns:xsi="http://www.w3.org/2001/XMLSchema-instance" xsi:noNamespaceSchemaLocation="https://maven.apache.org/surefire/maven-surefire-plugin/xsd/surefire-test-report-3.0.xsd" version="3.0" name="com.ita.paymentservice.service.PaymentServiceTest" time="2.595" tests="6" errors="0" skipped="0" failures="0">
  <properties>
[...]
</properties>
  <testcase name="retryPaymentShouldReturnErrorWhenPaymentDoesNotExist" classname="com.ita.paymentservice.service.PaymentServiceTest" time="2.473">
    <system-out><![CDATA[14:08:19.614 [main] WARN com.ita.paymentservice.service.PaymentService -- Failed to update payment missing-id: Payment not found
]]></system-out>
  </testcase>
  <testcase name="getPaymentsByResidentShouldDelegateToRepository" classname="com.ita.paymentservice.service.PaymentServiceTest" time="0.026"/>
  <testcase name="processRentPaymentShouldSaveAndPublishEvent" classname="com.ita.paymentservice.service.PaymentServiceTest" time="0.019"/>
  <testcase name="cancelPaymentShouldUpdateStatusAndPublishEvent" classname="com.ita.paymentservice.service.PaymentServiceTest" time="0.006"/>
  <testcase name="processRentPaymentShouldFailWhenCurrencyMissing" classname="com.ita.paymentservice.service.PaymentServiceTest" time="0.004"/>
  <testcase name="processRentPaymentShouldFailWhenAmountIsNotPositive" classname="com.ita.paymentservice.service.PaymentServiceTest" time="0.004"/>
</testsuite>